########## ENVIRONMENT ########
NCCL_LOCATION=/home/ldai8/NCCL/deps-nccl/nccl/build

~/nccl-learning/p2p ~/nccl-learning/p2p
+ mpirun -np 2 -ppn 1 /home/ldai8/nccl-learning/p2p/ncclp2p
In rank 0, val[0] is: 0.000000
In rank 0, val[1] is: 1.000000
In rank 0, val[2] is: 2.000000
In rank 0, val[3] is: 3.000000
In rank 0, val[4] is: 4.000000
In rank 0, val[5] is: 5.000000
In rank 0, val[6] is: 6.000000
In rank 0, val[7] is: 7.000000
In rank 0, val[8] is: 8.000000
In rank 0, val[9] is: 9.000000
this rank is: 0
In rank 1, val[0] is: 0.000000
In rank 1, val[1] is: 1.000000
In rank 1, val[2] is: 2.000000
In rank 1, val[3] is: 3.000000
In rank 1, val[4] is: 4.000000
In rank 1, val[5] is: 5.000000
In rank 1, val[6] is: 6.000000
In rank 1, val[7] is: 7.000000
In rank 1, val[8] is: 8.000000
In rank 1, val[9] is: 9.000000
this rank is: 1
rank 0 Success 
rank 1 Success 
+ set +x
~/nccl-learning/p2p
